2024-06-10 19:30:42,455.mlb_stat_consumer_nl.INFO ==================================================
2024-06-10 19:30:42,455.mlb_stat_consumer_nl.INFO Today is 2024-06-10 at 07:30 PM
2024-06-10 19:30:42,455.mlb_stat_consumer_nl.INFO Running on: posix Darwin 23.5.0
2024-06-10 19:30:42,456.mlb_stat_consumer_nl.INFO Python version:  3.11.5
2024-06-10 19:30:42,456.mlb_stat_consumer_nl.INFO Python path: /Users/grahammiller/anaconda3
2024-06-10 19:30:42,456.mlb_stat_consumer_nl.INFO Working dir: /Users/grahammiller/streaming-07-custom
2024-06-10 19:30:42,456.mlb_stat_consumer_nl.INFO ==================================================
2024-06-10 19:30:42,469.mlb_stat_consumer_nl.INFO  [*] Ready for work. To exit press CTRL+C
2024-06-10 19:30:59,244.mlb_stat_consumer_nl.INFO Received from National League queue: Player: Fernando Tatis, avg: 0.282, hr: 11, rbi: 33
2024-06-10 19:30:59,244.mlb_stat_consumer_nl.INFO Alert: Fernando Tatis in the National League meets all criteria - AVG: 0.282, HR: 11, RBI: 33
2024-06-10 19:30:59,271.mlb_stat_consumer_nl.INFO Received from National League queue: Player: Ezequiel Tovar, avg: 0.294, hr: 10, rbi: 28
2024-06-10 19:30:59,353.mlb_stat_consumer_nl.INFO Received from National League queue: Player: William Contreras, avg: 0.309, hr: 8, rbi: 46
2024-06-10 19:30:59,368.mlb_stat_consumer_nl.INFO Received from National League queue: Player: Bryan Reynolds, avg: 0.263, hr: 8, rbi: 34
2024-06-10 19:30:59,381.mlb_stat_consumer_nl.INFO Received from National League queue: Player: Mookie Betts, avg: 0.311, hr: 10, rbi: 35
2024-06-10 19:30:59,398.mlb_stat_consumer_nl.INFO Received from National League queue: Player: Francisco Lindor, avg: 0.239, hr: 10, rbi: 31
2024-06-10 19:30:59,411.mlb_stat_consumer_nl.INFO Received from National League queue: Player: Shohei Ohtani, avg: 0.311, hr: 15, rbi: 41
2024-06-10 19:30:59,411.mlb_stat_consumer_nl.INFO Alert: Shohei Ohtani in the National League meets all criteria - AVG: 0.311, HR: 15, RBI: 41
2024-06-10 19:30:59,424.mlb_stat_consumer_nl.INFO Received from National League queue: Player: Ketel Marte, avg: 0.282, hr: 13, rbi: 35
2024-06-10 19:30:59,425.mlb_stat_consumer_nl.INFO Alert: Ketel Marte in the National League meets all criteria - AVG: 0.282, HR: 13, RBI: 35
2024-06-10 19:30:59,441.mlb_stat_consumer_nl.INFO Received from National League queue: Player: Teoscar Hernandez, avg: 0.262, hr: 15, rbi: 47
2024-06-10 19:30:59,452.mlb_stat_consumer_nl.INFO Received from National League queue: Player: Willy Adames, avg: 0.24, hr: 9, rbi: 43
2024-06-10 19:30:59,473.mlb_stat_consumer_nl.INFO Received from National League queue: Player: Bryan De La Cruz, avg: 0.248, hr: 11, rbi: 28
2024-06-10 19:30:59,507.mlb_stat_consumer_nl.INFO Received from National League queue: Player: Jake Cronenworth, avg: 0.261, hr: 9, rbi: 44
2024-06-10 19:30:59,564.mlb_stat_consumer_nl.INFO Received from National League queue: Player: Matt Chapman, avg: 0.24, hr: 8, rbi: 28
2024-06-10 19:30:59,638.mlb_stat_consumer_nl.INFO Received from National League queue: Player: Pete Alonso, avg: 0.243, hr: 14, rbi: 31
2024-06-10 19:30:59,649.mlb_stat_consumer_nl.INFO Received from National League queue: Player: Freddie Freeman, avg: 0.293, hr: 8, rbi: 40
2024-06-10 19:30:59,664.mlb_stat_consumer_nl.INFO Received from National League queue: Player: Nick Castellanos, avg: 0.215, hr: 9, rbi: 29
2024-06-10 19:30:59,677.mlb_stat_consumer_nl.INFO Received from National League queue: Player: Paul Goldschmidt, avg: 0.227, hr: 7, rbi: 25
2024-06-10 19:30:59,691.mlb_stat_consumer_nl.INFO Received from National League queue: Player: Josh Bell, avg: 0.256, hr: 7, rbi: 31
2024-06-10 19:30:59,705.mlb_stat_consumer_nl.INFO Received from National League queue: Player: Michael Harris, avg: 0.244, hr: 5, rbi: 19
2024-06-10 19:30:59,719.mlb_stat_consumer_nl.INFO Received from National League queue: Player: Lourdes Gurriel, avg: 0.244, hr: 9, rbi: 37
2024-06-10 19:30:59,731.mlb_stat_consumer_nl.INFO Received from National League queue: Player: Jazz Chisholm, avg: 0.249, hr: 8, rbi: 30
2024-06-10 19:30:59,745.mlb_stat_consumer_nl.INFO Received from National League queue: Player: Alec Bohm, avg: 0.29, hr: 6, rbi: 50
2024-06-10 19:30:59,762.mlb_stat_consumer_nl.INFO Received from National League queue: Player: Corbin Carroll, avg: 0.199, hr: 2, rbi: 20
2024-06-10 19:30:59,778.mlb_stat_consumer_nl.INFO Received from National League queue: Player: Elly De La Cruz, avg: 0.238, hr: 11, rbi: 29
2024-06-10 19:30:59,864.mlb_stat_consumer_nl.INFO Received from National League queue: Player: Christian Walker, avg: 0.253, hr: 12, rbi: 39
2024-06-10 19:30:59,880.mlb_stat_consumer_nl.INFO Received from National League queue: Player: Ryan McMahon, avg: 0.267, hr: 10, rbi: 34
2024-06-10 19:30:59,893.mlb_stat_consumer_nl.INFO Received from National League queue: Player: Thairo Estrada, avg: 0.246, hr: 8, rbi: 32
2024-06-10 19:30:59,907.mlb_stat_consumer_nl.INFO Received from National League queue: Player: CJ Abrams, avg: 0.246, hr: 10, rbi: 28
2024-06-10 19:30:59,933.mlb_stat_consumer_nl.INFO Received from National League queue: Player: Nolan Arenado, avg: 0.248, hr: 6, rbi: 30
2024-06-10 19:30:59,947.mlb_stat_consumer_nl.INFO Received from National League queue: Player: Kyle Schwarber, avg: 0.231, hr: 11, rbi: 36
2024-06-10 19:31:00,073.mlb_stat_consumer_nl.INFO Received from National League queue: Player: Manny Machado, avg: 0.248, hr: 6, rbi: 32
2024-06-10 19:31:00,088.mlb_stat_consumer_nl.INFO Received from National League queue: Player: Jurickson Profar, avg: 0.322, hr: 9, rbi: 42
2024-06-10 19:31:00,103.mlb_stat_consumer_nl.INFO Received from National League queue: Player: Matt Olson, avg: 0.239, hr: 9, rbi: 34
2024-06-10 19:31:00,123.mlb_stat_consumer_nl.INFO Received from National League queue: Player: Marcell Ozuna, avg: 0.319, hr: 18, rbi: 55
2024-06-10 19:31:00,123.mlb_stat_consumer_nl.INFO Alert: Marcell Ozuna in the National League meets all criteria - AVG: 0.319, HR: 18, RBI: 55
2024-06-10 19:31:00,143.mlb_stat_consumer_nl.INFO Received from National League queue: Player: Orlando Arcia, avg: 0.228, hr: 6, rbi: 21
2024-06-10 19:31:00,198.mlb_stat_consumer_nl.INFO Received from National League queue: Player: Ha-Seong Kim, avg: 0.224, hr: 9, rbi: 32
2024-06-10 19:31:00,221.mlb_stat_consumer_nl.INFO Received from National League queue: Player: Brendan Donovan, avg: 0.241, hr: 4, rbi: 27
2024-06-10 19:31:00,257.mlb_stat_consumer_nl.INFO Received from National League queue: Player: Spencer Steer, avg: 0.238, hr: 7, rbi: 40
2024-06-10 19:31:00,273.mlb_stat_consumer_nl.INFO Received from National League queue: Player: Eugenio Suarez, avg: 0.2, hr: 5, rbi: 29
2024-06-10 19:31:00,299.mlb_stat_consumer_nl.INFO Received from National League queue: Player: Christopher Morel, avg: 0.202, hr: 12, rbi: 39
2024-06-10 19:31:00,370.mlb_stat_consumer_nl.INFO Received from National League queue: Player: Brandon Nimmo, avg: 0.222, hr: 7, rbi: 31
2024-06-10 19:31:00,409.mlb_stat_consumer_nl.INFO Received from National League queue: Player: Brenton Doyle, avg: 0.269, hr: 5, rbi: 17
2024-06-10 19:31:00,452.mlb_stat_consumer_nl.INFO Received from National League queue: Player: Ian Happ, avg: 0.22, hr: 6, rbi: 27
2024-06-10 19:31:00,466.mlb_stat_consumer_nl.INFO Received from National League queue: Player: Brendan Rodgers, avg: 0.275, hr: 3, rbi: 22
2024-06-10 19:31:00,480.mlb_stat_consumer_nl.INFO Received from National League queue: Player: Oneil Cruz, avg: 0.243, hr: 9, rbi: 24
2024-06-10 19:31:00,509.mlb_stat_consumer_nl.INFO Received from National League queue: Player: Bryce Harper, avg: 0.276, hr: 15, rbi: 45
2024-06-10 19:31:00,523.mlb_stat_consumer_nl.INFO Received from National League queue: Player: Starling Marte, avg: 0.28, hr: 6, rbi: 26
2024-06-10 19:31:00,538.mlb_stat_consumer_nl.INFO Received from National League queue: Player: Jeimer Candelario, avg: 0.238, hr: 9, rbi: 26
2024-06-10 19:31:00,565.mlb_stat_consumer_nl.INFO Received from National League queue: Player: Ozzie Albies, avg: 0.266, hr: 4, rbi: 30
2024-06-10 19:31:00,608.mlb_stat_consumer_nl.INFO Received from National League queue: Player: Jackson Merrill, avg: 0.272, hr: 3, rbi: 23
2024-06-10 19:31:00,663.mlb_stat_consumer_nl.INFO Received from National League queue: Player: Nico Hoerner, avg: 0.252, hr: 2, rbi: 17
2024-06-10 19:31:00,690.mlb_stat_consumer_nl.INFO Received from National League queue: Player: Will Smith, avg: 0.292, hr: 9, rbi: 38
2024-06-10 19:31:00,748.mlb_stat_consumer_nl.INFO Received from National League queue: Player: Jesse Winker, avg: 0.262, hr: 6, rbi: 28
2024-06-10 19:31:00,763.mlb_stat_consumer_nl.INFO Received from National League queue: Player: Brice Turang, avg: 0.307, hr: 3, rbi: 23
2024-06-10 19:31:00,775.mlb_stat_consumer_nl.INFO Received from National League queue: Player: J.T. Realmuto, avg: 0.265, hr: 7, rbi: 20
2024-06-10 19:31:00,793.mlb_stat_consumer_nl.INFO Received from National League queue: Player: Connor Joe, avg: 0.265, hr: 7, rbi: 25
2024-06-10 19:31:00,807.mlb_stat_consumer_nl.INFO Received from National League queue: Player: Cody Bellinger, avg: 0.256, hr: 8, rbi: 29
2024-06-10 19:31:00,823.mlb_stat_consumer_nl.INFO Received from National League queue: Player: Jeff McNeil, avg: 0.227, hr: 3, rbi: 14
2024-06-10 19:31:00,853.mlb_stat_consumer_nl.INFO Received from National League queue: Player: Joey Meneses, avg: 0.228, hr: 2, rbi: 30
2024-06-10 19:31:00,936.mlb_stat_consumer_nl.INFO Received from National League queue: Player: Jonathan India, avg: 0.242, hr: 4, rbi: 26
2024-06-10 19:31:00,949.mlb_stat_consumer_nl.INFO Received from National League queue: Player: Nolan Gorman, avg: 0.227, hr: 14, rbi: 32
2024-06-10 19:31:00,978.mlb_stat_consumer_nl.INFO Received from National League queue: Player: Andrew McCutchen, avg: 0.237, hr: 8, rbi: 20
2024-06-10 19:31:00,991.mlb_stat_consumer_nl.INFO Received from National League queue: Player: Sal Frelick, avg: 0.259, hr: 2, rbi: 14
2024-06-10 19:31:01,007.mlb_stat_consumer_nl.INFO Received from National League queue: Player: Jorge Soler, avg: 0.21, hr: 7, rbi: 18
2024-06-10 19:31:01,022.mlb_stat_consumer_nl.INFO Received from National League queue: Player: Mike Tauchman, avg: 0.262, hr: 5, rbi: 18
2024-06-10 19:31:01,049.mlb_stat_consumer_nl.INFO Received from National League queue: Player: Bryson Stott, avg: 0.244, hr: 5, rbi: 32
2024-06-10 19:31:01,063.mlb_stat_consumer_nl.INFO Received from National League queue: Player: Charlie Blackmon, avg: 0.259, hr: 2, rbi: 25
2024-06-10 19:31:01,077.mlb_stat_consumer_nl.INFO Received from National League queue: Player: Elias Diaz, avg: 0.301, hr: 5, rbi: 27
2024-06-10 19:31:01,090.mlb_stat_consumer_nl.INFO Received from National League queue: Player: Austin Riley, avg: 0.234, hr: 3, rbi: 20
2024-06-10 19:31:01,106.mlb_stat_consumer_nl.INFO Received from National League queue: Player: Luis Garcia, avg: 0.266, hr: 5, rbi: 26
2024-06-10 19:31:01,132.mlb_stat_consumer_nl.INFO Received from National League queue: Player: Ronald Acuna, avg: 0.25, hr: 4, rbi: 15
2024-06-10 19:31:01,175.mlb_stat_consumer_nl.INFO Received from National League queue: Player: Dansby Swanson, avg: 0.22, hr: 6, rbi: 18
2024-06-10 19:31:01,221.mlb_stat_consumer_nl.INFO Received from National League queue: Player: Elehuris Montero, avg: 0.205, hr: 3, rbi: 23
2024-06-10 19:31:01,233.mlb_stat_consumer_nl.INFO Received from National League queue: Player: Alec Burleson, avg: 0.274, hr: 8, rbi: 23
2024-06-10 19:31:01,292.mlb_stat_consumer_nl.INFO Received from National League queue: Player: Will Benson, avg: 0.213, hr: 8, rbi: 22
2024-06-10 19:31:01,321.mlb_stat_consumer_nl.INFO Received from National League queue: Player: Masyn Winn, avg: 0.303, hr: 3, rbi: 21
2024-06-10 19:31:01,441.mlb_stat_consumer_nl.INFO Received from National League queue: Player: Xander Bogaerts, avg: 0.219, hr: 4, rbi: 14
2024-06-10 19:31:01,491.mlb_stat_consumer_nl.INFO Received from National League queue: Player: Jared Triolo, avg: 0.215, hr: 3, rbi: 19
2024-06-10 19:31:01,517.mlb_stat_consumer_nl.INFO Received from National League queue: Player: Blake Perkins, avg: 0.255, hr: 5, rbi: 21
2024-06-10 19:31:01,530.mlb_stat_consumer_nl.INFO Received from National League queue: Player: Luis Campusano, avg: 0.234, hr: 4, rbi: 27
2024-06-10 19:31:01,573.mlb_stat_consumer_nl.INFO Received from National League queue: Player: Michael Busch, avg: 0.246, hr: 8, rbi: 23
2024-06-10 19:31:01,629.mlb_stat_consumer_nl.INFO Received from National League queue: Player: Harrison Bader, avg: 0.267, hr: 3, rbi: 23
2024-06-10 19:31:01,643.mlb_stat_consumer_nl.INFO Received from National League queue: Player: Jackson Chourio, avg: 0.216, hr: 6, rbi: 21
2024-06-10 19:31:01,713.mlb_stat_consumer_nl.INFO Received from National League queue: Player: Jesus Sanchez, avg: 0.244, hr: 4, rbi: 23
2024-06-10 19:31:01,743.mlb_stat_consumer_nl.INFO Received from National League queue: Player: Andy Pages, avg: 0.259, hr: 6, rbi: 19
2024-06-10 19:31:01,772.mlb_stat_consumer_nl.INFO Received from National League queue: Player: Eddie Rosario, avg: 0.188, hr: 7, rbi: 23
2024-06-10 19:31:01,828.mlb_stat_consumer_nl.INFO Received from National League queue: Player: Gavin Lux, avg: 0.204, hr: 1, rbi: 13
2024-06-10 19:31:01,845.mlb_stat_consumer_nl.INFO Received from National League queue: Player: Johan Rojas, avg: 0.234, hr: 2, rbi: 19
2024-06-10 19:31:01,860.mlb_stat_consumer_nl.INFO Received from National League queue: Player: Tyler Stephenson, avg: 0.263, hr: 6, rbi: 22
2024-06-10 19:31:01,874.mlb_stat_consumer_nl.INFO Received from National League queue: Player: Jake Burger, avg: 0.223, hr: 4, rbi: 21
2024-06-10 19:31:01,888.mlb_stat_consumer_nl.INFO Received from National League queue: Player: Joey Ortiz, avg: 0.291, hr: 5, rbi: 23
2024-06-10 19:31:01,929.mlb_stat_consumer_nl.INFO Received from National League queue: Player: Tim Anderson, avg: 0.188, hr: 0, rbi: 6
2024-06-10 19:31:01,973.mlb_stat_consumer_nl.INFO Received from National League queue: Player: Mike Yastrzemski, avg: 0.213, hr: 6, rbi: 24
2024-06-10 19:31:02,029.mlb_stat_consumer_nl.INFO Received from National League queue: Player: Ke'Bryan Hayes, avg: 0.253, hr: 2, rbi: 15
2024-06-10 19:31:02,041.mlb_stat_consumer_nl.INFO Received from National League queue: Player: Jacob Young, avg: 0.272, hr: 0, rbi: 16
2024-06-10 19:31:02,069.mlb_stat_consumer_nl.INFO Received from National League queue: Player: Brandon Marsh, avg: 0.265, hr: 6, rbi: 26
2024-06-10 19:31:02,096.mlb_stat_consumer_nl.INFO Received from National League queue: Player: Gabriel Moreno, avg: 0.236, hr: 2, rbi: 20
2024-06-10 19:31:02,136.mlb_stat_consumer_nl.INFO Received from National League queue: Player: Michael Conforto, avg: 0.261, hr: 8, rbi: 22
2024-06-10 19:31:02,150.mlb_stat_consumer_nl.INFO Received from National League queue: Player: Keibert Ruiz, avg: 0.2, hr: 3, rbi: 13
2024-06-10 19:31:02,162.mlb_stat_consumer_nl.INFO Received from National League queue: Player: Wilmer Flores, avg: 0.225, hr: 4, rbi: 21
2024-06-10 19:31:02,205.mlb_stat_consumer_nl.INFO Received from National League queue: Player: Rhys Hoskins, avg: 0.233, hr: 10, rbi: 28
2024-06-10 19:31:02,235.mlb_stat_consumer_nl.INFO Received from National League queue: Player: Nick Gordon, avg: 0.231, hr: 6, rbi: 21
2024-06-10 19:31:02,277.mlb_stat_consumer_nl.INFO Received from National League queue: Player: Ivan Herrera, avg: 0.26, hr: 3, rbi: 16
2024-06-10 19:31:02,307.mlb_stat_consumer_nl.INFO Received from National League queue: Player: Seiya Suzuki, avg: 0.261, hr: 7, rbi: 25
2024-06-10 19:31:02,349.mlb_stat_consumer_nl.INFO Received from National League queue: Player: Jack Suwinski, avg: 0.179, hr: 5, rbi: 15
2024-06-10 19:31:02,364.mlb_stat_consumer_nl.INFO Received from National League queue: Player: Brett Baty, avg: 0.225, hr: 4, rbi: 16
2024-06-10 19:31:02,437.mlb_stat_consumer_nl.INFO Received from National League queue: Player: Kevin Newman, avg: 0.253, hr: 2, rbi: 14
2024-06-10 19:31:02,465.mlb_stat_consumer_nl.INFO Received from National League queue: Player: Joc Pederson, avg: 0.284, hr: 7, rbi: 21
2024-06-10 19:31:02,479.mlb_stat_consumer_nl.INFO Received from National League queue: Player: Jarred Kelenic, avg: 0.259, hr: 3, rbi: 12
2024-06-10 19:31:02,522.mlb_stat_consumer_nl.INFO Received from National League queue: Player: Jung Hoo Lee, avg: 0.262, hr: 2, rbi: 8
2024-06-10 19:31:02,537.mlb_stat_consumer_nl.INFO Received from National League queue: Player: Jake Fraley, avg: 0.29, hr: 1, rbi: 9
2024-06-10 19:31:02,550.mlb_stat_consumer_nl.INFO Received from National League queue: Player: Rowdy Tellez, avg: 0.208, hr: 2, rbi: 15
2024-06-10 19:31:02,591.mlb_stat_consumer_nl.INFO Received from National League queue: Player: Christian Yelich, avg: 0.329, hr: 6, rbi: 29
2024-06-10 19:31:02,634.mlb_stat_consumer_nl.INFO Received from National League queue: Player: Lars Nootbaar, avg: 0.234, hr: 5, rbi: 19
2024-06-10 19:31:02,663.mlb_stat_consumer_nl.INFO Received from National League queue: Player: Jake Bauers, avg: 0.207, hr: 5, rbi: 25
2024-06-10 19:31:02,677.mlb_stat_consumer_nl.INFO Received from National League queue: Player: J.D. Martinez, avg: 0.273, hr: 5, rbi: 16
2024-06-10 19:31:02,692.mlb_stat_consumer_nl.INFO Received from National League queue: Player: Max Muncy, avg: 0.223, hr: 9, rbi: 28
2024-06-10 19:31:02,706.mlb_stat_consumer_nl.INFO Received from National League queue: Player: Lane Thomas, avg: 0.217, hr: 4, rbi: 16
2024-06-10 19:31:02,721.mlb_stat_consumer_nl.INFO Received from National League queue: Player: Jake McCarthy, avg: 0.268, hr: 2, rbi: 13
2024-06-10 19:31:02,735.mlb_stat_consumer_nl.INFO Received from National League queue: Player: Luis Arraez, avg: 0.299, hr: 0, rbi: 5
2024-06-10 19:31:02,746.mlb_stat_consumer_nl.INFO Received from National League queue: Player: Trea Turner, avg: 0.343, hr: 2, rbi: 9
2024-06-10 19:31:02,761.mlb_stat_consumer_nl.INFO Received from National League queue: Player: Enrique Hernandez, avg: 0.206, hr: 4, rbi: 11
2024-06-10 19:31:02,774.mlb_stat_consumer_nl.INFO Received from National League queue: Player: Nick Senzel, avg: 0.243, hr: 6, rbi: 16
2024-06-10 19:31:02,819.mlb_stat_consumer_nl.INFO Received from National League queue: Player: Travis d'Arnaud, avg: 0.246, hr: 5, rbi: 21
2024-06-10 19:31:02,832.mlb_stat_consumer_nl.INFO Received from National League queue: Player: Joey Gallo, avg: 0.157, hr: 5, rbi: 11
2024-06-10 19:31:02,846.mlb_stat_consumer_nl.INFO Received from National League queue: Player: Luis Arraez, avg: 0.376, hr: 1, rbi: 12
2024-06-10 19:31:02,876.mlb_stat_consumer_nl.INFO Received from National League queue: Player: Michael Taylor, avg: 0.202, hr: 1, rbi: 10
2024-06-10 19:31:02,890.mlb_stat_consumer_nl.INFO Received from National League queue: Player: LaMonte Wade, avg: 0.333, hr: 2, rbi: 17
2024-06-10 19:31:02,935.mlb_stat_consumer_nl.INFO Received from National League queue: Player: Miguel Amaya, avg: 0.195, hr: 2, rbi: 14
2024-06-10 19:31:02,961.mlb_stat_consumer_nl.INFO Received from National League queue: Player: Edward Olivares, avg: 0.236, hr: 5, rbi: 20
2024-06-10 19:31:02,976.mlb_stat_consumer_nl.INFO Received from National League queue: Player: Blaze Alexander, avg: 0.283, hr: 3, rbi: 19
2024-06-10 19:31:02,991.mlb_stat_consumer_nl.INFO Received from National League queue: Player: Patrick Bailey, avg: 0.276, hr: 4, rbi: 20
2024-06-10 19:31:03,004.mlb_stat_consumer_nl.INFO Received from National League queue: Player: Santiago Espinal, avg: 0.192, hr: 3, rbi: 17
2024-06-10 19:31:03,019.mlb_stat_consumer_nl.INFO Received from National League queue: Player: Adam Duvall, avg: 0.184, hr: 6, rbi: 17
2024-06-10 19:31:03,044.mlb_stat_consumer_nl.INFO Received from National League queue: Player: Gary Sanchez, avg: 0.213, hr: 7, rbi: 21
2024-06-10 19:31:03,113.mlb_stat_consumer_nl.INFO Received from National League queue: Player: Ildemaro Vargas, avg: 0.277, hr: 0, rbi: 10
2024-06-10 19:31:03,128.mlb_stat_consumer_nl.INFO Received from National League queue: Player: Tyrone Taylor, avg: 0.235, hr: 2, rbi: 16
2024-06-10 19:31:03,157.mlb_stat_consumer_nl.INFO Received from National League queue: Player: Mike Siani, avg: 0.203, hr: 1, rbi: 9
2024-06-10 19:31:03,200.mlb_stat_consumer_nl.INFO Received from National League queue: Player: Vidal Brujan, avg: 0.256, hr: 1, rbi: 7
2024-06-10 19:31:03,240.mlb_stat_consumer_nl.INFO Received from National League queue: Player: Nick Fortes, avg: 0.172, hr: 2, rbi: 10
2024-06-10 19:31:03,254.mlb_stat_consumer_nl.INFO Received from National League queue: Player: Christian Encarnacion-Strand, avg: 0.19, hr: 2, rbi: 16
2024-06-10 19:31:03,394.mlb_stat_consumer_nl.INFO Received from National League queue: Player: Nick Ahmed, avg: 0.236, hr: 0, rbi: 11
2024-06-10 19:31:03,407.mlb_stat_consumer_nl.INFO Received from National League queue: Player: Nick Martini, avg: 0.2, hr: 4, rbi: 21
2024-06-10 19:31:03,450.mlb_stat_consumer_nl.INFO Received from National League queue: Player: James Outman, avg: 0.147, hr: 3, rbi: 10
2024-06-10 19:31:03,462.mlb_stat_consumer_nl.INFO Received from National League queue: Player: Stuart Fairchild, avg: 0.239, hr: 4, rbi: 15
2024-06-10 19:31:03,475.mlb_stat_consumer_nl.INFO Received from National League queue: Player: Whit Merrifield, avg: 0.174, hr: 3, rbi: 7
2024-06-10 19:31:03,504.mlb_stat_consumer_nl.INFO Received from National League queue: Player: Willson Contreras, avg: 0.28, hr: 6, rbi: 12
2024-06-10 19:31:03,518.mlb_stat_consumer_nl.INFO Received from National League queue: Player: Trey Lipscomb, avg: 0.252, hr: 1, rbi: 9
2024-06-10 19:31:03,558.mlb_stat_consumer_nl.INFO Received from National League queue: Player: Edmundo Sosa, avg: 0.292, hr: 4, rbi: 17
2024-06-10 19:31:03,614.mlb_stat_consumer_nl.INFO Received from National League queue: Player: Emmanuel Rivera, avg: 0.214, hr: 0, rbi: 6
2024-06-10 19:31:03,656.mlb_stat_consumer_nl.INFO Received from National League queue: Player: DJ Stewart, avg: 0.186, hr: 4, rbi: 16
2024-06-10 19:31:03,686.mlb_stat_consumer_nl.INFO Received from National League queue: Player: Heliot Ramos, avg: 0.327, hr: 6, rbi: 23
2024-06-10 19:31:03,714.mlb_stat_consumer_nl.INFO Received from National League queue: Player: Miguel Rojas, avg: 0.283, hr: 2, rbi: 12
2024-06-10 19:31:03,868.mlb_stat_consumer_nl.INFO Received from National League queue: Player: Otto Lopez, avg: 0.295, hr: 3, rbi: 18
2024-06-10 19:31:03,880.mlb_stat_consumer_nl.INFO Received from National League queue: Player: Nick Gonzales, avg: 0.305, hr: 4, rbi: 23
2024-06-10 19:31:03,896.mlb_stat_consumer_nl.INFO Received from National League queue: Player: Nolan Jones, avg: 0.17, hr: 1, rbi: 7
2024-06-10 19:31:03,912.mlb_stat_consumer_nl.INFO Received from National League queue: Player: Randal Grichuk, avg: 0.298, hr: 1, rbi: 12
2024-06-10 19:31:03,928.mlb_stat_consumer_nl.INFO Received from National League queue: Player: Jake Cave, avg: 0.239, hr: 0, rbi: 6
2024-06-10 19:31:03,970.mlb_stat_consumer_nl.INFO Received from National League queue: Player: Oliver Dunn, avg: 0.233, hr: 1, rbi: 7
2024-06-10 19:31:03,996.mlb_stat_consumer_nl.INFO Received from National League queue: Player: Chris Taylor, avg: 0.102, hr: 0, rbi: 8
2024-06-10 19:31:04,040.mlb_stat_consumer_nl.INFO Received from National League queue: Player: Nick Madrigal, avg: 0.221, hr: 0, rbi: 10
2024-06-10 19:31:04,053.mlb_stat_consumer_nl.INFO Received from National League queue: Player: Kris Bryant, avg: 0.186, hr: 2, rbi: 10
2024-06-10 19:31:04,121.mlb_stat_consumer_nl.INFO Received from National League queue: Player: Luis Matos, avg: 0.224, hr: 2, rbi: 20
2024-06-10 19:31:04,135.mlb_stat_consumer_nl.INFO Received from National League queue: Player: Jacob Stallings, avg: 0.286, hr: 3, rbi: 15
2024-06-10 19:31:04,148.mlb_stat_consumer_nl.INFO Received from National League queue: Player: Yan Gomes, avg: 0.155, hr: 2, rbi: 6
2024-06-10 19:31:04,162.mlb_stat_consumer_nl.INFO Received from National League queue: Player: Tomas Nido, avg: 0.229, hr: 3, rbi: 8
2024-06-10 19:31:04,250.mlb_stat_consumer_nl.INFO Received from National League queue: Player: Tyler Wade, avg: 0.25, hr: 0, rbi: 7
2024-06-10 19:31:04,278.mlb_stat_consumer_nl.INFO Received from National League queue: Player: Riley Adams, avg: 0.215, hr: 2, rbi: 6
2024-06-10 19:31:04,292.mlb_stat_consumer_nl.INFO Received from National League queue: Player: Jordan Beck, avg: 0.19, hr: 2, rbi: 8
2024-06-10 19:31:04,306.mlb_stat_consumer_nl.INFO Received from National League queue: Player: Henry Davis, avg: 0.154, hr: 0, rbi: 4
2024-06-10 19:31:04,365.mlb_stat_consumer_nl.INFO Received from National League queue: Player: Yasmani Grandal, avg: 0.169, hr: 2, rbi: 12
2024-06-10 19:31:04,421.mlb_stat_consumer_nl.INFO Received from National League queue: Player: Pete Crow-Armstrong, avg: 0.216, hr: 1, rbi: 10
2024-06-10 19:31:04,434.mlb_stat_consumer_nl.INFO Received from National League queue: Player: Sean Bouchard, avg: 0.203, hr: 1, rbi: 6
2024-06-10 19:31:04,474.mlb_stat_consumer_nl.INFO Received from National League queue: Player: Luke Maile, avg: 0.181, hr: 1, rbi: 5
2024-06-10 19:31:04,504.mlb_stat_consumer_nl.INFO Received from National League queue: Player: Christian Bethancourt, avg: 0.155, hr: 1, rbi: 5
2024-06-10 19:31:04,538.mlb_stat_consumer_nl.INFO Received from National League queue: Player: Patrick Wisdom, avg: 0.2, hr: 3, rbi: 12
2024-06-10 19:31:04,567.mlb_stat_consumer_nl.INFO Received from National League queue: Player: Mark Vientos, avg: 0.314, hr: 5, rbi: 12
2024-06-10 19:31:04,615.mlb_stat_consumer_nl.INFO Received from National League queue: Player: Donovan Solano, avg: 0.328, hr: 1, rbi: 6
2024-06-10 19:31:04,642.mlb_stat_consumer_nl.INFO Received from National League queue: Player: Jose Azocar, avg: 0.227, hr: 0, rbi: 2
2024-06-10 19:31:04,657.mlb_stat_consumer_nl.INFO Received from National League queue: Player: Tyler Fitzgerald, avg: 0.273, hr: 1, rbi: 4
2024-06-10 19:31:04,701.mlb_stat_consumer_nl.INFO Received from National League queue: Player: Omar Narvaez, avg: 0.154, hr: 0, rbi: 5
2024-06-10 19:31:04,765.mlb_stat_consumer_nl.INFO Received from National League queue: Player: Alika Williams, avg: 0.21, hr: 0, rbi: 2
2024-06-10 19:31:04,807.mlb_stat_consumer_nl.INFO Received from National League queue: Player: Kyle Higashioka, avg: 0.18, hr: 4, rbi: 6
2024-06-10 19:31:04,823.mlb_stat_consumer_nl.INFO Received from National League queue: Player: Matt Carpenter, avg: 0.2, hr: 2, rbi: 5
2024-06-10 19:31:04,853.mlb_stat_consumer_nl.INFO Received from National League queue: Player: Mike Ford, avg: 0.15, hr: 1, rbi: 4
2024-06-10 19:31:04,868.mlb_stat_consumer_nl.INFO Received from National League queue: Player: Joey Bart, avg: 0.267, hr: 4, rbi: 12
2024-06-10 19:31:04,879.mlb_stat_consumer_nl.INFO Received from National League queue: Player: Hunter Goodman, avg: 0.167, hr: 2, rbi: 8
2024-06-10 19:31:04,894.mlb_stat_consumer_nl.INFO Received from National League queue: Player: Victor Scott, avg: 0.085, hr: 0, rbi: 2
2024-06-10 19:31:04,909.mlb_stat_consumer_nl.INFO Received from National League queue: Player: Cristian Pache, avg: 0.203, hr: 0, rbi: 8
2024-06-10 19:31:04,943.mlb_stat_consumer_nl.INFO Received from National League queue: Player: Michael Toglia, avg: 0.155, hr: 4, rbi: 12
2024-06-10 19:31:04,959.mlb_stat_consumer_nl.INFO Received from National League queue: Player: Jordan Walker, avg: 0.155, hr: 0, rbi: 4
2024-06-10 19:31:04,973.mlb_stat_consumer_nl.INFO Received from National League queue: Player: Tucker Barnhart, avg: 0.14, hr: 0, rbi: 1
2024-06-10 19:31:04,990.mlb_stat_consumer_nl.INFO Received from National League queue: Player: Jason Heyward, avg: 0.246, hr: 2, rbi: 6
2024-06-10 19:31:05,020.mlb_stat_consumer_nl.INFO Received from National League queue: Player: Pavin Smith, avg: 0.268, hr: 3, rbi: 14
2024-06-10 19:31:05,051.mlb_stat_consumer_nl.INFO Received from National League queue: Player: TJ Friedl, avg: 0.232, hr: 3, rbi: 13
2024-06-10 19:31:05,093.mlb_stat_consumer_nl.INFO Received from National League queue: Player: Francisco Alvarez, avg: 0.236, hr: 1, rbi: 8
2024-06-10 19:31:05,154.mlb_stat_consumer_nl.INFO Received from National League queue: Player: Dylan Carlson, avg: 0.167, hr: 0, rbi: 3
2024-06-10 19:31:05,182.mlb_stat_consumer_nl.INFO Received from National League queue: Player: Garrett Stubbs, avg: 0.173, hr: 0, rbi: 3
2024-06-10 19:31:05,199.mlb_stat_consumer_nl.INFO Received from National League queue: Player: Chadwick Tromp, avg: 0.25, hr: 0, rbi: 6
2024-06-10 19:31:05,212.mlb_stat_consumer_nl.INFO Received from National League queue: Player: Austin Barnes, avg: 0.216, hr: 0, rbi: 2
2024-06-10 19:31:05,241.mlb_stat_consumer_nl.INFO Received from National League queue: Player: Avisail Garcia, avg: 0.24, hr: 2, rbi: 2
2024-06-10 19:31:05,322.mlb_stat_consumer_nl.INFO Received from National League queue: Player: Eguy Rosario, avg: 0.25, hr: 3, rbi: 6
2024-06-10 19:31:05,352.mlb_stat_consumer_nl.INFO Received from National League queue: Player: Alan Trejo, avg: 0.128, hr: 0, rbi: 1
2024-06-10 19:31:05,370.mlb_stat_consumer_nl.INFO Received from National League queue: Player: Dane Myers, avg: 0.217, hr: 1, rbi: 8
2024-06-10 19:31:05,446.mlb_stat_consumer_nl.INFO Received from National League queue: Player: Austin Slater, avg: 0.156, hr: 0, rbi: 1
2024-06-10 19:31:05,464.mlb_stat_consumer_nl.INFO Received from National League queue: Player: Brett Wisely, avg: 0.318, hr: 1, rbi: 7
2024-06-10 19:31:05,492.mlb_stat_consumer_nl.INFO Received from National League queue: Player: Jacob Hurtubise, avg: 0.233, hr: 0, rbi: 4
2024-06-10 19:31:05,538.mlb_stat_consumer_nl.INFO Received from National League queue: Player: Miles Mastrobuoni, avg: 0.125, hr: 0, rbi: 2
2024-06-10 19:31:05,554.mlb_stat_consumer_nl.INFO Received from National League queue: Player: Kody Clemens, avg: 0.256, hr: 3, rbi: 10
2024-06-10 19:31:05,585.mlb_stat_consumer_nl.INFO Received from National League queue: Player: Zack Short, avg: 0.154, hr: 0, rbi: 3
2024-06-10 19:31:05,639.mlb_stat_consumer_nl.INFO Received from National League queue: Player: Garrett Cooper, avg: 0.27, hr: 1, rbi: 6
2024-06-10 19:31:05,654.mlb_stat_consumer_nl.INFO Received from National League queue: Player: Brandon Crawford, avg: 0.162, hr: 1, rbi: 1
2024-06-10 19:31:05,669.mlb_stat_consumer_nl.INFO Received from National League queue: Player: Joey Wendle, avg: 0.222, hr: 0, rbi: 1
2024-06-10 19:31:05,711.mlb_stat_consumer_nl.INFO Received from National League queue: Player: Casey Schmitt, avg: 0.235, hr: 2, rbi: 5
2024-06-10 19:31:05,739.mlb_stat_consumer_nl.INFO Received from National League queue: Player: Tom Murphy, avg: 0.118, hr: 1, rbi: 2
2024-06-10 19:31:05,754.mlb_stat_consumer_nl.INFO Received from National League queue: Player: Sean Murphy, avg: 0.147, hr: 1, rbi: 4
2024-06-10 19:31:05,800.mlb_stat_consumer_nl.INFO Received from National League queue: Player: Graham Pauley, avg: 0.125, hr: 2, rbi: 5
2024-06-10 19:31:05,816.mlb_stat_consumer_nl.INFO Received from National League queue: Player: Blake Sabol, avg: 0.313, hr: 0, rbi: 1
2024-06-10 19:31:05,828.mlb_stat_consumer_nl.INFO Received from National League queue: Player: Curt Casali, avg: 0.161, hr: 0, rbi: 2
2024-06-10 19:31:05,858.mlb_stat_consumer_nl.INFO Received from National League queue: Player: Andruw Monasterio, avg: 0.133, hr: 1, rbi: 3
2024-06-10 19:31:05,919.mlb_stat_consumer_nl.INFO Received from National League queue: Player: David Peralta, avg: 0.241, hr: 0, rbi: 3
2024-06-10 19:31:05,949.mlb_stat_consumer_nl.INFO Received from National League queue: Player: Owen Miller, avg: 0.185, hr: 0, rbi: 3
2024-06-10 19:31:06,053.mlb_stat_consumer_nl.INFO Received from National League queue: Player: Matt Mervis, avg: 0.115, hr: 0, rbi: 3
2024-06-10 19:31:06,067.mlb_stat_consumer_nl.INFO Received from National League queue: Player: Joey Wiemer, avg: 0.154, hr: 0, rbi: 0
2024-06-10 19:31:06,107.mlb_stat_consumer_nl.INFO Received from National League queue: Player: Victor Robles, avg: 0.12, hr: 0, rbi: 2
2024-06-10 19:31:06,136.mlb_stat_consumer_nl.INFO Received from National League queue: Player: Jose Fermin, avg: 0.12, hr: 0, rbi: 0
2024-06-10 19:31:06,151.mlb_stat_consumer_nl.INFO Received from National League queue: Player: Geraldo Perdomo, avg: 0.25, hr: 0, rbi: 2
2024-06-10 19:31:06,164.mlb_stat_consumer_nl.INFO Received from National League queue: Player: Ji Hwan Bae, avg: 0.208, hr: 0, rbi: 2
2024-06-10 19:31:06,180.mlb_stat_consumer_nl.INFO Received from National League queue: Player: Marco Luciano, avg: 0.375, hr: 0, rbi: 1
2024-06-10 19:31:06,206.mlb_stat_consumer_nl.INFO Received from National League queue: Player: Alexander Canario, avg: 0.273, hr: 1, rbi: 2
2024-06-10 19:31:06,220.mlb_stat_consumer_nl.INFO Received from National League queue: Player: Tyler Black, avg: 0.227, hr: 0, rbi: 0
2024-06-10 19:31:06,236.mlb_stat_consumer_nl.INFO Received from National League queue: Player: Jace Peterson, avg: 0.045, hr: 0, rbi: 1
2024-06-10 19:31:06,252.mlb_stat_consumer_nl.INFO Received from National League queue: Player: Jose Iglesias, avg: 0.409, hr: 0, rbi: 3
2024-06-10 19:31:06,292.mlb_stat_consumer_nl.INFO Received from National League queue: Player: Miguel Vargas, avg: 0.25, hr: 1, rbi: 3
2024-06-10 19:31:06,320.mlb_stat_consumer_nl.INFO Received from National League queue: Player: Pedro Pages, avg: 0.05, hr: 0, rbi: 4
2024-06-10 19:31:06,336.mlb_stat_consumer_nl.INFO Received from National League queue: Player: Luis Guillorme, avg: 0.15, hr: 0, rbi: 3
2024-06-10 19:31:06,366.mlb_stat_consumer_nl.INFO Received from National League queue: Player: Bubba Thompson, avg: 0.111, hr: 0, rbi: 0
2024-06-10 19:31:06,404.mlb_stat_consumer_nl.INFO Received from National League queue: Player: Alex Call, avg: 0.313, hr: 0, rbi: 1
2024-06-10 19:31:06,473.mlb_stat_consumer_nl.INFO Received from National League queue: Player: Alek Thomas, avg: 0.214, hr: 1, rbi: 4
2024-06-10 19:31:06,541.mlb_stat_consumer_nl.INFO Received from National League queue: Player: Luis Torrens, avg: 0.308, hr: 2, rbi: 4
2024-06-10 19:31:06,555.mlb_stat_consumer_nl.INFO Received from National League queue: Player: Drew Millas, avg: 0.077, hr: 0, rbi: 0
2024-06-10 19:31:06,571.mlb_stat_consumer_nl.INFO Received from National League queue: Player: Jonah Bride, avg: 0.167, hr: 0, rbi: 2
2024-06-10 19:31:06,586.mlb_stat_consumer_nl.INFO Received from National League queue: Player: Jakson Reetz, avg: 0.083, hr: 1, rbi: 1
2024-06-10 19:31:06,599.mlb_stat_consumer_nl.INFO Received from National League queue: Player: David Bote, avg: 0.25, hr: 0, rbi: 1
2024-06-10 19:31:06,678.mlb_stat_consumer_nl.INFO Received from National League queue: Player: Jorge Barrosa, avg: 0.2, hr: 0, rbi: 1
2024-06-10 19:31:06,751.mlb_stat_consumer_nl.INFO Received from National League queue: Player: Zack Short, avg: 0.111, hr: 0, rbi: 0
2024-06-10 19:31:06,764.mlb_stat_consumer_nl.INFO Received from National League queue: Player: Trenton Brooks, avg: 0.111, hr: 0, rbi: 0
2024-06-10 19:31:06,790.mlb_stat_consumer_nl.INFO Received from National League queue: Player: Conner Capel, avg: 0.25, hr: 0, rbi: 0
2024-06-10 19:31:06,802.mlb_stat_consumer_nl.INFO Received from National League queue: Player: Nasim Nunez, avg: 0.0, hr: 0, rbi: 0
2024-06-10 19:31:06,834.mlb_stat_consumer_nl.INFO Received from National League queue: Player: David Fletcher, avg: 0.25, hr: 0, rbi: 2
2024-06-10 19:31:06,873.mlb_stat_consumer_nl.INFO Received from National League queue: Player: Blake Dunn, avg: 0.143, hr: 0, rbi: 0
2024-06-10 19:31:06,904.mlb_stat_consumer_nl.INFO Received from National League queue: Player: Grant Koch, avg: 0.0, hr: 0, rbi: 0
2024-06-10 19:31:06,919.mlb_stat_consumer_nl.INFO Received from National League queue: Player: Taylor Trammell, avg: 0.0, hr: 0, rbi: 0
2024-06-10 19:31:06,933.mlb_stat_consumer_nl.INFO Received from National League queue: Player: Xavier Edwards, avg: 0.167, hr: 0, rbi: 0
2024-06-10 19:31:06,947.mlb_stat_consumer_nl.INFO Received from National League queue: Player: Ryan McKenna, avg: 0.0, hr: 0, rbi: 0
2024-06-10 19:31:06,978.mlb_stat_consumer_nl.INFO Received from National League queue: Player: Tristan Gray, avg: 0.0, hr: 0, rbi: 0
2024-06-10 19:31:07,007.mlb_stat_consumer_nl.INFO Received from National League queue: Player: Jhonny Pereda, avg: 0.0, hr: 0, rbi: 0
2024-06-10 19:31:07,022.mlb_stat_consumer_nl.INFO Received from National League queue: Player: David Dahl, avg: 0.6, hr: 1, rbi: 1
2024-06-10 19:31:07,036.mlb_stat_consumer_nl.INFO Received from National League queue: Player: J.P. Martinez, avg: 0.2, hr: 0, rbi: 0
2024-06-10 19:31:07,079.mlb_stat_consumer_nl.INFO Received from National League queue: Player: Matthew Batten, avg: 0.333, hr: 0, rbi: 0
2024-06-10 19:31:07,108.mlb_stat_consumer_nl.INFO Received from National League queue: Player: Brian Anderson, avg: 0.0, hr: 0, rbi: 0
2024-06-10 19:31:07,124.mlb_stat_consumer_nl.INFO Received from National League queue: Player: Jason Delay, avg: 0.0, hr: 0, rbi: 1
2024-06-10 19:31:07,138.mlb_stat_consumer_nl.INFO Received from National League queue: Player: Luke Williams, avg: 0.0, hr: 0, rbi: 0
2024-06-10 19:31:07,151.mlb_stat_consumer_nl.INFO Received from National League queue: Player: Brett Sullivan, avg: 0.0, hr: 0, rbi: 0
2024-06-10 19:31:07,221.mlb_stat_consumer_nl.INFO Received from National League queue: Player: Chris Roller, avg: 0.0, hr: 0, rbi: 0
2024-06-10 19:31:07,247.mlb_stat_consumer_nl.INFO Received from National League queue: Player: Luis Vazquez, avg: 0.0, hr: 0, rbi: 0
2024-06-10 19:31:07,292.mlb_stat_consumer_nl.INFO Received from National League queue: Player: Forrest Wall, avg: 0.0, hr: 0, rbi: 0
