2024-06-10 19:30:22,640.mlb_stat_consumer_al.INFO ==================================================
2024-06-10 19:30:22,641.mlb_stat_consumer_al.INFO Today is 2024-06-10 at 07:30 PM
2024-06-10 19:30:22,641.mlb_stat_consumer_al.INFO Running on: posix Darwin 23.5.0
2024-06-10 19:30:22,642.mlb_stat_consumer_al.INFO Python version:  3.11.5
2024-06-10 19:30:22,642.mlb_stat_consumer_al.INFO Python path: /Users/grahammiller/anaconda3
2024-06-10 19:30:22,642.mlb_stat_consumer_al.INFO Working dir: /Users/grahammiller/streaming-07-custom
2024-06-10 19:30:22,642.mlb_stat_consumer_al.INFO ==================================================
2024-06-10 19:30:22,664.mlb_stat_consumer_al.INFO  [*] Ready for work. To exit press CTRL+C
2024-06-10 19:30:59,195.mlb_stat_consumer_al.INFO Received from American League queue: Player: Anthony Volpe, avg: 0.285, hr: 6, rbi: 25
2024-06-10 19:30:59,228.mlb_stat_consumer_al.INFO Received from American League queue: Player: Jarren Duran, avg: 0.263, hr: 5, rbi: 27
2024-06-10 19:30:59,258.mlb_stat_consumer_al.INFO Received from American League queue: Player: Maikel Garcia, avg: 0.26, hr: 5, rbi: 36
2024-06-10 19:30:59,286.mlb_stat_consumer_al.INFO Received from American League queue: Player: Jose Altuve, avg: 0.288, hr: 9, rbi: 22
2024-06-10 19:30:59,301.mlb_stat_consumer_al.INFO Received from American League queue: Player: Marcus Semien, avg: 0.261, hr: 10, rbi: 35
2024-06-10 19:30:59,315.mlb_stat_consumer_al.INFO Received from American League queue: Player: Bobby Witt, avg: 0.322, hr: 11, rbi: 47
2024-06-10 19:30:59,315.mlb_stat_consumer_al.INFO Alert: Bobby Witt in the American League meets all criteria - AVG: 0.322, HR: 11, RBI: 47
2024-06-10 19:30:59,330.mlb_stat_consumer_al.INFO Received from American League queue: Player: Julio Rodriguez, avg: 0.266, hr: 5, rbi: 24
2024-06-10 19:30:59,491.mlb_stat_consumer_al.INFO Received from American League queue: Player: Adley Rutschman, avg: 0.3, hr: 12, rbi: 43
2024-06-10 19:30:59,491.mlb_stat_consumer_al.INFO Alert: Adley Rutschman in the American League meets all criteria - AVG: 0.3, HR: 12, RBI: 43
2024-06-10 19:30:59,522.mlb_stat_consumer_al.INFO Received from American League queue: Player: Yandy Diaz, avg: 0.246, hr: 4, rbi: 29
2024-06-10 19:30:59,537.mlb_stat_consumer_al.INFO Received from American League queue: Player: Jeremy Pena, avg: 0.302, hr: 5, rbi: 23
2024-06-10 19:30:59,549.mlb_stat_consumer_al.INFO Received from American League queue: Player: Yordan Alvarez, avg: 0.296, hr: 13, rbi: 33
2024-06-10 19:30:59,550.mlb_stat_consumer_al.INFO Alert: Yordan Alvarez in the American League meets all criteria - AVG: 0.296, HR: 13, RBI: 33
2024-06-10 19:30:59,577.mlb_stat_consumer_al.INFO Received from American League queue: Player: Jose Ramirez, avg: 0.272, hr: 18, rbi: 61
2024-06-10 19:30:59,592.mlb_stat_consumer_al.INFO Received from American League queue: Player: Anthony Rizzo, avg: 0.224, hr: 7, rbi: 25
2024-06-10 19:30:59,608.mlb_stat_consumer_al.INFO Received from American League queue: Player: Vladimir Guerrero, avg: 0.294, hr: 7, rbi: 30
2024-06-10 19:30:59,624.mlb_stat_consumer_al.INFO Received from American League queue: Player: Gunnar Henderson, avg: 0.263, hr: 20, rbi: 45
2024-06-10 19:30:59,794.mlb_stat_consumer_al.INFO Received from American League queue: Player: Abraham Toro, avg: 0.271, hr: 5, rbi: 21
2024-06-10 19:30:59,808.mlb_stat_consumer_al.INFO Received from American League queue: Player: Gleyber Torres, avg: 0.229, hr: 5, rbi: 21
2024-06-10 19:30:59,822.mlb_stat_consumer_al.INFO Received from American League queue: Player: Bo Bichette, avg: 0.243, hr: 4, rbi: 27
2024-06-10 19:30:59,837.mlb_stat_consumer_al.INFO Received from American League queue: Player: Juan Soto, avg: 0.318, hr: 17, rbi: 53
2024-06-10 19:30:59,838.mlb_stat_consumer_al.INFO Alert: Juan Soto in the American League meets all criteria - AVG: 0.318, HR: 17, RBI: 53
2024-06-10 19:30:59,849.mlb_stat_consumer_al.INFO Received from American League queue: Player: Alex Bregman, avg: 0.235, hr: 9, rbi: 29
2024-06-10 19:30:59,921.mlb_stat_consumer_al.INFO Received from American League queue: Player: Aaron Judge, avg: 0.298, hr: 23, rbi: 57
2024-06-10 19:30:59,921.mlb_stat_consumer_al.INFO Alert: Aaron Judge in the American League meets all criteria - AVG: 0.298, HR: 23, RBI: 57
2024-06-10 19:30:59,963.mlb_stat_consumer_al.INFO Received from American League queue: Player: Taylor Ward, avg: 0.252, hr: 11, rbi: 34
2024-06-10 19:30:59,977.mlb_stat_consumer_al.INFO Received from American League queue: Player: Andres Gimenez, avg: 0.263, hr: 4, rbi: 33
2024-06-10 19:30:59,993.mlb_stat_consumer_al.INFO Received from American League queue: Player: JJ Bleday, avg: 0.241, hr: 9, rbi: 23
2024-06-10 19:31:00,014.mlb_stat_consumer_al.INFO Received from American League queue: Player: Adolis Garcia, avg: 0.216, hr: 13, rbi: 40
2024-06-10 19:31:00,029.mlb_stat_consumer_al.INFO Received from American League queue: Player: Riley Greene, avg: 0.238, hr: 11, rbi: 24
2024-06-10 19:31:00,044.mlb_stat_consumer_al.INFO Received from American League queue: Player: Alex Verdugo, avg: 0.257, hr: 8, rbi: 34
2024-06-10 19:31:00,059.mlb_stat_consumer_al.INFO Received from American League queue: Player: Salvador Perez, avg: 0.304, hr: 10, rbi: 42
2024-06-10 19:31:00,174.mlb_stat_consumer_al.INFO Received from American League queue: Player: Ryan Mountcastle, avg: 0.281, hr: 11, rbi: 31
2024-06-10 19:31:00,174.mlb_stat_consumer_al.INFO Alert: Ryan Mountcastle in the American League meets all criteria - AVG: 0.281, HR: 11, RBI: 31
2024-06-10 19:31:00,287.mlb_stat_consumer_al.INFO Received from American League queue: Player: Josh Naylor, avg: 0.224, hr: 16, rbi: 47
2024-06-10 19:31:00,313.mlb_stat_consumer_al.INFO Received from American League queue: Player: Jordan Westburg, avg: 0.278, hr: 10, rbi: 39
2024-06-10 19:31:00,326.mlb_stat_consumer_al.INFO Received from American League queue: Player: Ceddanne Rafaela, avg: 0.216, hr: 7, rbi: 37
2024-06-10 19:31:00,342.mlb_stat_consumer_al.INFO Received from American League queue: Player: Isaac Paredes, avg: 0.288, hr: 10, rbi: 37
2024-06-10 19:31:00,356.mlb_stat_consumer_al.INFO Received from American League queue: Player: Andrew Vaughn, avg: 0.217, hr: 6, rbi: 22
2024-06-10 19:31:00,381.mlb_stat_consumer_al.INFO Received from American League queue: Player: Anthony Santander, avg: 0.227, hr: 13, rbi: 36
2024-06-10 19:31:00,396.mlb_stat_consumer_al.INFO Received from American League queue: Player: Randy Arozarena, avg: 0.173, hr: 8, rbi: 19
2024-06-10 19:31:00,425.mlb_stat_consumer_al.INFO Received from American League queue: Player: Giancarlo Stanton, avg: 0.228, hr: 15, rbi: 36
2024-06-10 19:31:00,439.mlb_stat_consumer_al.INFO Received from American League queue: Player: Corey Seager, avg: 0.271, hr: 13, rbi: 30
2024-06-10 19:31:00,495.mlb_stat_consumer_al.INFO Received from American League queue: Player: Vinnie Pasquantino, avg: 0.244, hr: 7, rbi: 43
2024-06-10 19:31:00,549.mlb_stat_consumer_al.INFO Received from American League queue: Player: Kyle Tucker, avg: 0.266, hr: 19, rbi: 40
2024-06-10 19:31:00,579.mlb_stat_consumer_al.INFO Received from American League queue: Player: Willi Castro, avg: 0.252, hr: 4, rbi: 16
2024-06-10 19:31:00,592.mlb_stat_consumer_al.INFO Received from American League queue: Player: George Springer, avg: 0.202, hr: 5, rbi: 13
2024-06-10 19:31:00,622.mlb_stat_consumer_al.INFO Received from American League queue: Player: Yainer Diaz, avg: 0.258, hr: 7, rbi: 33
2024-06-10 19:31:00,637.mlb_stat_consumer_al.INFO Received from American League queue: Player: Zach Neto, avg: 0.245, hr: 7, rbi: 23
2024-06-10 19:31:00,649.mlb_stat_consumer_al.INFO Received from American League queue: Player: Ty France, avg: 0.251, hr: 7, rbi: 27
2024-06-10 19:31:00,676.mlb_stat_consumer_al.INFO Received from American League queue: Player: Mitch Haniger, avg: 0.219, hr: 6, rbi: 27
2024-06-10 19:31:00,705.mlb_stat_consumer_al.INFO Received from American League queue: Player: Spencer Torkelson, avg: 0.201, hr: 4, rbi: 18
2024-06-10 19:31:00,721.mlb_stat_consumer_al.INFO Received from American League queue: Player: Leody Taveras, avg: 0.226, hr: 4, rbi: 13
2024-06-10 19:31:00,733.mlb_stat_consumer_al.INFO Received from American League queue: Player: Jonah Heim, avg: 0.246, hr: 6, rbi: 31
2024-06-10 19:31:00,839.mlb_stat_consumer_al.INFO Received from American League queue: Player: Mark Canha, avg: 0.236, hr: 6, rbi: 26
2024-06-10 19:31:00,864.mlb_stat_consumer_al.INFO Received from American League queue: Player: Nolan Schanuel, avg: 0.213, hr: 7, rbi: 20
2024-06-10 19:31:00,880.mlb_stat_consumer_al.INFO Received from American League queue: Player: Rafael Devers, avg: 0.284, hr: 13, rbi: 32
2024-06-10 19:31:00,880.mlb_stat_consumer_al.INFO Alert: Rafael Devers in the American League meets all criteria - AVG: 0.284, HR: 13, RBI: 32
2024-06-10 19:31:00,893.mlb_stat_consumer_al.INFO Received from American League queue: Player: Daulton Varsho, avg: 0.215, hr: 10, rbi: 31
2024-06-10 19:31:00,908.mlb_stat_consumer_al.INFO Received from American League queue: Player: Josh Smith, avg: 0.285, hr: 4, rbi: 24
2024-06-10 19:31:00,923.mlb_stat_consumer_al.INFO Received from American League queue: Player: Cal Raleigh, avg: 0.201, hr: 11, rbi: 33
2024-06-10 19:31:00,964.mlb_stat_consumer_al.INFO Received from American League queue: Player: Carlos Santana, avg: 0.217, hr: 9, rbi: 25
2024-06-10 19:31:01,036.mlb_stat_consumer_al.INFO Received from American League queue: Player: Tyler Freeman, avg: 0.216, hr: 5, rbi: 24
2024-06-10 19:31:01,119.mlb_stat_consumer_al.INFO Received from American League queue: Player: Matt Vierling, avg: 0.276, hr: 7, rbi: 28
2024-06-10 19:31:01,148.mlb_stat_consumer_al.INFO Received from American League queue: Player: Brent Rooker, avg: 0.272, hr: 12, rbi: 39
2024-06-10 19:31:01,163.mlb_stat_consumer_al.INFO Received from American League queue: Player: Gavin Sheets, avg: 0.246, hr: 7, rbi: 27
2024-06-10 19:31:01,191.mlb_stat_consumer_al.INFO Received from American League queue: Player: Isiah Kiner-Falefa, avg: 0.268, hr: 4, rbi: 21
2024-06-10 19:31:01,206.mlb_stat_consumer_al.INFO Received from American League queue: Player: Andrew Benintendi, avg: 0.195, hr: 4, rbi: 18
2024-06-10 19:31:01,248.mlb_stat_consumer_al.INFO Received from American League queue: Player: Ryan Jeffers, avg: 0.233, hr: 12, rbi: 36
2024-06-10 19:31:01,262.mlb_stat_consumer_al.INFO Received from American League queue: Player: Shea Langeliers, avg: 0.201, hr: 12, rbi: 30
2024-06-10 19:31:01,275.mlb_stat_consumer_al.INFO Received from American League queue: Player: Jose Caballero, avg: 0.261, hr: 3, rbi: 18
2024-06-10 19:31:01,307.mlb_stat_consumer_al.INFO Received from American League queue: Player: Logan O'Hoppe, avg: 0.255, hr: 7, rbi: 26
2024-06-10 19:31:01,337.mlb_stat_consumer_al.INFO Received from American League queue: Player: Paul DeJong, avg: 0.234, hr: 11, rbi: 24
2024-06-10 19:31:01,452.mlb_stat_consumer_al.INFO Received from American League queue: Player: Javier Baez, avg: 0.183, hr: 1, rbi: 25
2024-06-10 19:31:01,463.mlb_stat_consumer_al.INFO Received from American League queue: Player: Justin Turner, avg: 0.231, hr: 4, rbi: 21
2024-06-10 19:31:01,477.mlb_stat_consumer_al.INFO Received from American League queue: Player: Colt Keith, avg: 0.215, hr: 2, rbi: 19
2024-06-10 19:31:01,505.mlb_stat_consumer_al.INFO Received from American League queue: Player: Amed Rosario, avg: 0.297, hr: 2, rbi: 22
2024-06-10 19:31:01,544.mlb_stat_consumer_al.INFO Received from American League queue: Player: Davis Schneider, avg: 0.231, hr: 7, rbi: 30
2024-06-10 19:31:01,556.mlb_stat_consumer_al.INFO Received from American League queue: Player: Nelson Velazquez, avg: 0.212, hr: 8, rbi: 25
2024-06-10 19:31:01,589.mlb_stat_consumer_al.INFO Received from American League queue: Player: MJ Melendez, avg: 0.163, hr: 6, rbi: 17
2024-06-10 19:31:01,600.mlb_stat_consumer_al.INFO Received from American League queue: Player: Mitch Garver, avg: 0.18, hr: 7, rbi: 22
2024-06-10 19:31:01,616.mlb_stat_consumer_al.INFO Received from American League queue: Player: Cedric Mullins, avg: 0.17, hr: 6, rbi: 22
2024-06-10 19:31:01,656.mlb_stat_consumer_al.INFO Received from American League queue: Player: Colton Cowser, avg: 0.229, hr: 7, rbi: 26
2024-06-10 19:31:01,672.mlb_stat_consumer_al.INFO Received from American League queue: Player: Zack Gelof, avg: 0.183, hr: 5, rbi: 13
2024-06-10 19:31:01,686.mlb_stat_consumer_al.INFO Received from American League queue: Player: Nicky Lopez, avg: 0.244, hr: 0, rbi: 4
2024-06-10 19:31:01,699.mlb_stat_consumer_al.INFO Received from American League queue: Player: Josh Rojas, avg: 0.267, hr: 3, rbi: 11
2024-06-10 19:31:01,727.mlb_stat_consumer_al.INFO Received from American League queue: Player: Will Brennan, avg: 0.234, hr: 5, rbi: 20
2024-06-10 19:31:01,758.mlb_stat_consumer_al.INFO Received from American League queue: Player: Luis Rengifo, avg: 0.312, hr: 4, rbi: 18
2024-06-10 19:31:01,786.mlb_stat_consumer_al.INFO Received from American League queue: Player: Wilyer Abreu, avg: 0.272, hr: 6, rbi: 22
2024-06-10 19:31:01,801.mlb_stat_consumer_al.INFO Received from American League queue: Player: Edouard Julien, avg: 0.207, hr: 7, rbi: 17
2024-06-10 19:31:01,814.mlb_stat_consumer_al.INFO Received from American League queue: Player: Jo Adell, avg: 0.19, hr: 11, rbi: 27
2024-06-10 19:31:01,903.mlb_stat_consumer_al.INFO Received from American League queue: Player: Dylan Moore, avg: 0.212, hr: 6, rbi: 22
2024-06-10 19:31:01,915.mlb_stat_consumer_al.INFO Received from American League queue: Player: Ryan O'Hearn, avg: 0.285, hr: 9, rbi: 21
2024-06-10 19:31:01,944.mlb_stat_consumer_al.INFO Received from American League queue: Player: Hunter Renfroe, avg: 0.194, hr: 5, rbi: 24
2024-06-10 19:31:01,957.mlb_stat_consumer_al.INFO Received from American League queue: Player: Carlos Correa, avg: 0.255, hr: 5, rbi: 24
2024-06-10 19:31:01,988.mlb_stat_consumer_al.INFO Received from American League queue: Player: Harold Ramirez, avg: 0.268, hr: 1, rbi: 13
2024-06-10 19:31:02,002.mlb_stat_consumer_al.INFO Received from American League queue: Player: Brayan Rocchio, avg: 0.213, hr: 1, rbi: 11
2024-06-10 19:31:02,015.mlb_stat_consumer_al.INFO Received from American League queue: Player: Connor Wong, avg: 0.331, hr: 5, rbi: 21
2024-06-10 19:31:02,054.mlb_stat_consumer_al.INFO Received from American League queue: Player: Seth Brown, avg: 0.191, hr: 5, rbi: 13
2024-06-10 19:31:02,082.mlb_stat_consumer_al.INFO Received from American League queue: Player: Jake Meyers, avg: 0.259, hr: 6, rbi: 25
2024-06-10 19:31:02,109.mlb_stat_consumer_al.INFO Received from American League queue: Player: Jose Miranda, avg: 0.273, hr: 6, rbi: 20
2024-06-10 19:31:02,123.mlb_stat_consumer_al.INFO Received from American League queue: Player: Oswaldo Cabrera, avg: 0.236, hr: 4, rbi: 21
2024-06-10 19:31:02,178.mlb_stat_consumer_al.INFO Received from American League queue: Player: Jorge Polanco, avg: 0.195, hr: 5, rbi: 14
2024-06-10 19:31:02,191.mlb_stat_consumer_al.INFO Received from American League queue: Player: J.P. Crawford, avg: 0.22, hr: 5, rbi: 17
2024-06-10 19:31:02,221.mlb_stat_consumer_al.INFO Received from American League queue: Player: Kyle Isbel, avg: 0.21, hr: 4, rbi: 18
2024-06-10 19:31:02,248.mlb_stat_consumer_al.INFO Received from American League queue: Player: Tyler O'Neill, avg: 0.25, hr: 11, rbi: 18
2024-06-10 19:31:02,263.mlb_stat_consumer_al.INFO Received from American League queue: Player: Jose Siri, avg: 0.194, hr: 6, rbi: 22
2024-06-10 19:31:02,291.mlb_stat_consumer_al.INFO Received from American League queue: Player: Richie Palacios, avg: 0.253, hr: 4, rbi: 12
2024-06-10 19:31:02,324.mlb_stat_consumer_al.INFO Received from American League queue: Player: Byron Buxton, avg: 0.23, hr: 3, rbi: 16
2024-06-10 19:31:02,338.mlb_stat_consumer_al.INFO Received from American League queue: Player: Steven Kwan, avg: 0.371, hr: 4, rbi: 14
2024-06-10 19:31:02,379.mlb_stat_consumer_al.INFO Received from American League queue: Player: Wyatt Langford, avg: 0.227, hr: 1, rbi: 15
2024-06-10 19:31:02,394.mlb_stat_consumer_al.INFO Received from American League queue: Player: Alex Kirilloff, avg: 0.213, hr: 5, rbi: 19
2024-06-10 19:31:02,407.mlb_stat_consumer_al.INFO Received from American League queue: Player: Wenceel Perez, avg: 0.247, hr: 3, rbi: 15
2024-06-10 19:31:02,424.mlb_stat_consumer_al.INFO Received from American League queue: Player: Max Kepler, avg: 0.253, hr: 4, rbi: 21
2024-06-10 19:31:02,450.mlb_stat_consumer_al.INFO Received from American League queue: Player: Luke Raley, avg: 0.262, hr: 6, rbi: 16
2024-06-10 19:31:02,492.mlb_stat_consumer_al.INFO Received from American League queue: Player: Kerry Carpenter, avg: 0.283, hr: 8, rbi: 29
2024-06-10 19:31:02,506.mlb_stat_consumer_al.INFO Received from American League queue: Player: Nathaniel Lowe, avg: 0.262, hr: 2, rbi: 19
2024-06-10 19:31:02,563.mlb_stat_consumer_al.INFO Received from American League queue: Player: Evan Carter, avg: 0.188, hr: 5, rbi: 15
2024-06-10 19:31:02,577.mlb_stat_consumer_al.INFO Received from American League queue: Player: Korey Lee, avg: 0.245, hr: 5, rbi: 16
2024-06-10 19:31:02,606.mlb_stat_consumer_al.INFO Received from American League queue: Player: Jon Singleton, avg: 0.211, hr: 5, rbi: 14
2024-06-10 19:31:02,620.mlb_stat_consumer_al.INFO Received from American League queue: Player: Mauricio Dubon, avg: 0.296, hr: 2, rbi: 21
2024-06-10 19:31:02,648.mlb_stat_consumer_al.INFO Received from American League queue: Player: Mickey Moniak, avg: 0.163, hr: 2, rbi: 9
2024-06-10 19:31:02,789.mlb_stat_consumer_al.INFO Received from American League queue: Player: Bo Naylor, avg: 0.17, hr: 3, rbi: 12
2024-06-10 19:31:02,805.mlb_stat_consumer_al.INFO Received from American League queue: Player: Eloy Jimenez, avg: 0.231, hr: 5, rbi: 12
2024-06-10 19:31:02,861.mlb_stat_consumer_al.INFO Received from American League queue: Player: Tommy Pham, avg: 0.28, hr: 3, rbi: 12
2024-06-10 19:31:02,905.mlb_stat_consumer_al.INFO Received from American League queue: Player: Ezequiel Duran, avg: 0.279, hr: 1, rbi: 9
2024-06-10 19:31:02,921.mlb_stat_consumer_al.INFO Received from American League queue: Player: Max Schuemann, avg: 0.258, hr: 3, rbi: 11
2024-06-10 19:31:02,947.mlb_stat_consumer_al.INFO Received from American League queue: Player: Adam Frazier, avg: 0.227, hr: 2, rbi: 10
2024-06-10 19:31:03,031.mlb_stat_consumer_al.INFO Received from American League queue: Player: Tyler Nevin, avg: 0.22, hr: 4, rbi: 10
2024-06-10 19:31:03,058.mlb_stat_consumer_al.INFO Received from American League queue: Player: Gio Urshela, avg: 0.262, hr: 2, rbi: 14
2024-06-10 19:31:03,073.mlb_stat_consumer_al.INFO Received from American League queue: Player: David Fry, avg: 0.336, hr: 8, rbi: 28
2024-06-10 19:31:03,086.mlb_stat_consumer_al.INFO Received from American League queue: Player: Danny Jansen, avg: 0.273, hr: 5, rbi: 15
2024-06-10 19:31:03,097.mlb_stat_consumer_al.INFO Received from American League queue: Player: Christian Vazquez, avg: 0.175, hr: 2, rbi: 8
2024-06-10 19:31:03,142.mlb_stat_consumer_al.INFO Received from American League queue: Player: J.D. Davis, avg: 0.229, hr: 4, rbi: 5
2024-06-10 19:31:03,171.mlb_stat_consumer_al.INFO Received from American League queue: Player: Gabriel Arias, avg: 0.212, hr: 1, rbi: 10
2024-06-10 19:31:03,185.mlb_stat_consumer_al.INFO Received from American League queue: Player: Manuel Margot, avg: 0.214, hr: 1, rbi: 11
2024-06-10 19:31:03,213.mlb_stat_consumer_al.INFO Received from American League queue: Player: Jake Rogers, avg: 0.224, hr: 4, rbi: 8
2024-06-10 19:31:03,226.mlb_stat_consumer_al.INFO Received from American League queue: Player: Kevin Kiermaier, avg: 0.207, hr: 2, rbi: 9
2024-06-10 19:31:03,270.mlb_stat_consumer_al.INFO Received from American League queue: Player: Jose Trevino, avg: 0.261, hr: 5, rbi: 18
2024-06-10 19:31:03,286.mlb_stat_consumer_al.INFO Received from American League queue: Player: Jorge Mateo, avg: 0.246, hr: 3, rbi: 13
2024-06-10 19:31:03,298.mlb_stat_consumer_al.INFO Received from American League queue: Player: Trevor Larnach, avg: 0.263, hr: 6, rbi: 18
2024-06-10 19:31:03,312.mlb_stat_consumer_al.INFO Received from American League queue: Player: Enmanuel Valdez, avg: 0.186, hr: 5, rbi: 19
2024-06-10 19:31:03,325.mlb_stat_consumer_al.INFO Received from American League queue: Player: Ernie Clement, avg: 0.232, hr: 2, rbi: 9
2024-06-10 19:31:03,338.mlb_stat_consumer_al.INFO Received from American League queue: Player: David Hamilton, avg: 0.277, hr: 2, rbi: 7
2024-06-10 19:31:03,354.mlb_stat_consumer_al.INFO Received from American League queue: Player: Willie Calhoun, avg: 0.286, hr: 1, rbi: 7
2024-06-10 19:31:03,367.mlb_stat_consumer_al.INFO Received from American League queue: Player: Rob Refsnyder, avg: 0.333, hr: 2, rbi: 14
2024-06-10 19:31:03,380.mlb_stat_consumer_al.INFO Received from American League queue: Player: Carson Kelly, avg: 0.236, hr: 2, rbi: 14
2024-06-10 19:31:03,421.mlb_stat_consumer_al.INFO Received from American League queue: Player: Cavan Biggio, avg: 0.2, hr: 2, rbi: 9
2024-06-10 19:31:03,437.mlb_stat_consumer_al.INFO Received from American League queue: Player: Austin Wells, avg: 0.2, hr: 1, rbi: 7
2024-06-10 19:31:03,490.mlb_stat_consumer_al.INFO Received from American League queue: Player: Mike Trout, avg: 0.22, hr: 10, rbi: 14
2024-06-10 19:31:03,531.mlb_stat_consumer_al.INFO Received from American League queue: Player: Ben Rortvedt, avg: 0.243, hr: 0, rbi: 9
2024-06-10 19:31:03,545.mlb_stat_consumer_al.INFO Received from American League queue: Player: Lawrence Butler, avg: 0.179, hr: 2, rbi: 7
2024-06-10 19:31:03,573.mlb_stat_consumer_al.INFO Received from American League queue: Player: Brandon Drury, avg: 0.173, hr: 1, rbi: 6
2024-06-10 19:31:03,587.mlb_stat_consumer_al.INFO Received from American League queue: Player: Dominic Smith, avg: 0.223, hr: 2, rbi: 18
2024-06-10 19:31:03,601.mlb_stat_consumer_al.INFO Received from American League queue: Player: Alejandro Kirk, avg: 0.214, hr: 1, rbi: 14
2024-06-10 19:31:03,627.mlb_stat_consumer_al.INFO Received from American League queue: Player: Freddy Fermin, avg: 0.294, hr: 1, rbi: 11
2024-06-10 19:31:03,640.mlb_stat_consumer_al.INFO Received from American League queue: Player: Michael Massey, avg: 0.294, hr: 6, rbi: 23
2024-06-10 19:31:03,673.mlb_stat_consumer_al.INFO Received from American League queue: Player: Jose Abreu, avg: 0.118, hr: 2, rbi: 6
2024-06-10 19:31:03,699.mlb_stat_consumer_al.INFO Received from American League queue: Player: Chas McCormick, avg: 0.202, hr: 0, rbi: 8
2024-06-10 19:31:03,727.mlb_stat_consumer_al.INFO Received from American League queue: Player: Kyle Farmer, avg: 0.172, hr: 0, rbi: 10
2024-06-10 19:31:03,740.mlb_stat_consumer_al.INFO Received from American League queue: Player: Estevan Florial, avg: 0.173, hr: 3, rbi: 11
2024-06-10 19:31:03,841.mlb_stat_consumer_al.INFO Received from American League queue: Player: Reese McGuire, avg: 0.216, hr: 3, rbi: 14
2024-06-10 19:31:03,855.mlb_stat_consumer_al.INFO Received from American League queue: Player: Martin Maldonado, avg: 0.074, hr: 1, rbi: 4
2024-06-10 19:31:03,941.mlb_stat_consumer_al.INFO Received from American League queue: Player: James McCann, avg: 0.196, hr: 1, rbi: 9
2024-06-10 19:31:03,957.mlb_stat_consumer_al.INFO Received from American League queue: Player: Zach McKinstry, avg: 0.196, hr: 1, rbi: 6
2024-06-10 19:31:03,984.mlb_stat_consumer_al.INFO Received from American League queue: Player: Austin Hays, avg: 0.211, hr: 2, rbi: 9
2024-06-10 19:31:04,011.mlb_stat_consumer_al.INFO Received from American League queue: Player: Travis Jankowski, avg: 0.241, hr: 1, rbi: 7
2024-06-10 19:31:04,025.mlb_stat_consumer_al.INFO Received from American League queue: Player: Curtis Mead, avg: 0.218, hr: 1, rbi: 5
2024-06-10 19:31:04,065.mlb_stat_consumer_al.INFO Received from American League queue: Player: Ryan Noda, avg: 0.128, hr: 1, rbi: 2
2024-06-10 19:31:04,082.mlb_stat_consumer_al.INFO Received from American League queue: Player: Danny Mendick, avg: 0.221, hr: 2, rbi: 6
2024-06-10 19:31:04,095.mlb_stat_consumer_al.INFO Received from American League queue: Player: Victor Caratini, avg: 0.233, hr: 4, rbi: 16
2024-06-10 19:31:04,108.mlb_stat_consumer_al.INFO Received from American League queue: Player: Jonny DeLuca, avg: 0.176, hr: 2, rbi: 14
2024-06-10 19:31:04,178.mlb_stat_consumer_al.INFO Received from American League queue: Player: Vaughn Grissom, avg: 0.148, hr: 0, rbi: 3
2024-06-10 19:31:04,191.mlb_stat_consumer_al.INFO Received from American League queue: Player: Dominic Canzone, avg: 0.175, hr: 5, rbi: 9
2024-06-10 19:31:04,207.mlb_stat_consumer_al.INFO Received from American League queue: Player: Masataka Yoshida, avg: 0.275, hr: 2, rbi: 11
2024-06-10 19:31:04,223.mlb_stat_consumer_al.INFO Received from American League queue: Player: Andy Ibanez, avg: 0.263, hr: 2, rbi: 13
2024-06-10 19:31:04,237.mlb_stat_consumer_al.INFO Received from American League queue: Player: Kevin Pillar, avg: 0.375, hr: 6, rbi: 22
2024-06-10 19:31:04,263.mlb_stat_consumer_al.INFO Received from American League queue: Player: Luis Urias, avg: 0.152, hr: 3, rbi: 12
2024-06-10 19:31:04,319.mlb_stat_consumer_al.INFO Received from American League queue: Player: Triston Casas, avg: 0.244, hr: 6, rbi: 10
2024-06-10 19:31:04,335.mlb_stat_consumer_al.INFO Received from American League queue: Player: Garrett Hampson, avg: 0.321, hr: 0, rbi: 6
2024-06-10 19:31:04,346.mlb_stat_consumer_al.INFO Received from American League queue: Player: Ramon Urias, avg: 0.247, hr: 3, rbi: 8
2024-06-10 19:31:04,378.mlb_stat_consumer_al.INFO Received from American League queue: Player: Austin Martin, avg: 0.224, hr: 1, rbi: 6
2024-06-10 19:31:04,391.mlb_stat_consumer_al.INFO Received from American League queue: Player: Dominic Fletcher, avg: 0.173, hr: 0, rbi: 6
2024-06-10 19:31:04,405.mlb_stat_consumer_al.INFO Received from American League queue: Player: Anthony Rendon, avg: 0.267, hr: 0, rbi: 3
2024-06-10 19:31:04,446.mlb_stat_consumer_al.INFO Received from American League queue: Player: Kyle Manzardo, avg: 0.219, hr: 0, rbi: 7
2024-06-10 19:31:04,461.mlb_stat_consumer_al.INFO Received from American League queue: Player: Parker Meadows, avg: 0.096, hr: 2, rbi: 3
2024-06-10 19:31:04,488.mlb_stat_consumer_al.INFO Received from American League queue: Player: Brandon Lowe, avg: 0.208, hr: 2, rbi: 14
2024-06-10 19:31:04,520.mlb_stat_consumer_al.INFO Received from American League queue: Player: Robbie Grossman, avg: 0.211, hr: 0, rbi: 4
2024-06-10 19:31:04,554.mlb_stat_consumer_al.INFO Received from American League queue: Player: Ramon Laureano, avg: 0.143, hr: 1, rbi: 4
2024-06-10 19:31:04,581.mlb_stat_consumer_al.INFO Received from American League queue: Player: Nick Allen, avg: 0.171, hr: 1, rbi: 3
2024-06-10 19:31:04,601.mlb_stat_consumer_al.INFO Received from American League queue: Player: Garrett Cooper, avg: 0.164, hr: 0, rbi: 4
2024-06-10 19:31:04,627.mlb_stat_consumer_al.INFO Received from American League queue: Player: Daniel Vogelbach, avg: 0.197, hr: 1, rbi: 8
2024-06-10 19:31:04,672.mlb_stat_consumer_al.INFO Received from American League queue: Player: Kyle McCann, avg: 0.288, hr: 3, rbi: 8
2024-06-10 19:31:04,686.mlb_stat_consumer_al.INFO Received from American League queue: Player: Darell Hernaiz, avg: 0.182, hr: 0, rbi: 6
2024-06-10 19:31:04,715.mlb_stat_consumer_al.INFO Received from American League queue: Player: Braden Shewmake, avg: 0.125, hr: 1, rbi: 4
2024-06-10 19:31:04,731.mlb_stat_consumer_al.INFO Received from American League queue: Player: Bobby Dalbec, avg: 0.159, hr: 1, rbi: 7
2024-06-10 19:31:04,747.mlb_stat_consumer_al.INFO Received from American League queue: Player: Corey Julks, avg: 0.274, hr: 2, rbi: 6
2024-06-10 19:31:04,778.mlb_stat_consumer_al.INFO Received from American League queue: Player: Lenyn Sosa, avg: 0.23, hr: 1, rbi: 4
2024-06-10 19:31:04,791.mlb_stat_consumer_al.INFO Received from American League queue: Player: Miguel Sano, avg: 0.262, hr: 1, rbi: 5
2024-06-10 19:31:04,837.mlb_stat_consumer_al.INFO Received from American League queue: Player: Pablo Reyes, avg: 0.183, hr: 0, rbi: 5
2024-06-10 19:31:04,925.mlb_stat_consumer_al.INFO Received from American League queue: Player: Josh Lowe, avg: 0.224, hr: 2, rbi: 4
2024-06-10 19:31:05,005.mlb_stat_consumer_al.INFO Received from American League queue: Player: Aaron Hicks, avg: 0.14, hr: 1, rbi: 5
2024-06-10 19:31:05,035.mlb_stat_consumer_al.INFO Received from American League queue: Player: Nick Loftin, avg: 0.286, hr: 0, rbi: 8
2024-06-10 19:31:05,066.mlb_stat_consumer_al.INFO Received from American League queue: Player: Esteury Ruiz, avg: 0.2, hr: 2, rbi: 8
2024-06-10 19:31:05,078.mlb_stat_consumer_al.INFO Received from American League queue: Player: Dairon Blanco, avg: 0.255, hr: 1, rbi: 4
2024-06-10 19:31:05,107.mlb_stat_consumer_al.INFO Received from American League queue: Player: Jon Berti, avg: 0.273, hr: 1, rbi: 6
2024-06-10 19:31:05,122.mlb_stat_consumer_al.INFO Received from American League queue: Player: Austin Hedges, avg: 0.13, hr: 1, rbi: 7
2024-06-10 19:31:05,139.mlb_stat_consumer_al.INFO Received from American League queue: Player: Tyler Soderstrom, avg: 0.185, hr: 1, rbi: 5
2024-06-10 19:31:05,169.mlb_stat_consumer_al.INFO Received from American League queue: Player: Jared Walsh, avg: 0.226, hr: 1, rbi: 7
2024-06-10 19:31:05,226.mlb_stat_consumer_al.INFO Received from American League queue: Player: Kyren Paris, avg: 0.118, hr: 1, rbi: 5
2024-06-10 19:31:05,255.mlb_stat_consumer_al.INFO Received from American League queue: Player: Matt Thaiss, avg: 0.22, hr: 1, rbi: 5
2024-06-10 19:31:05,270.mlb_stat_consumer_al.INFO Received from American League queue: Player: Miguel Andujar, avg: 0.286, hr: 2, rbi: 12
2024-06-10 19:31:05,288.mlb_stat_consumer_al.INFO Received from American League queue: Player: Andrew Knizner, avg: 0.143, hr: 1, rbi: 5
2024-06-10 19:31:05,305.mlb_stat_consumer_al.INFO Received from American League queue: Player: Trent Grisham, avg: 0.083, hr: 2, rbi: 6
2024-06-10 19:31:05,336.mlb_stat_consumer_al.INFO Received from American League queue: Player: Jonathan Aranda, avg: 0.213, hr: 1, rbi: 3
2024-06-10 19:31:05,385.mlb_stat_consumer_al.INFO Received from American League queue: Player: Bryan Ramos, avg: 0.196, hr: 0, rbi: 2
2024-06-10 19:31:05,400.mlb_stat_consumer_al.INFO Received from American League queue: Player: Alex Jackson, avg: 0.043, hr: 0, rbi: 2
2024-06-10 19:31:05,414.mlb_stat_consumer_al.INFO Received from American League queue: Player: Cole Tucker, avg: 0.178, hr: 0, rbi: 3
2024-06-10 19:31:05,433.mlb_stat_consumer_al.INFO Received from American League queue: Player: Luis Guillorme, avg: 0.289, hr: 0, rbi: 2
2024-06-10 19:31:05,476.mlb_stat_consumer_al.INFO Received from American League queue: Player: Luis Robert, avg: 0.205, hr: 4, rbi: 6
2024-06-10 19:31:05,508.mlb_stat_consumer_al.INFO Received from American League queue: Player: Brett Harris, avg: 0.116, hr: 3, rbi: 5
2024-06-10 19:31:05,522.mlb_stat_consumer_al.INFO Received from American League queue: Player: Rene Pinto, avg: 0.214, hr: 2, rbi: 6
2024-06-10 19:31:05,568.mlb_stat_consumer_al.INFO Received from American League queue: Player: Joey Loperfido, avg: 0.333, hr: 1, rbi: 5
2024-06-10 19:31:05,600.mlb_stat_consumer_al.INFO Received from American League queue: Player: Yoan Moncada, avg: 0.282, hr: 0, rbi: 0
2024-06-10 19:31:05,611.mlb_stat_consumer_al.INFO Received from American League queue: Player: Seby Zavala, avg: 0.158, hr: 1, rbi: 2
2024-06-10 19:31:05,625.mlb_stat_consumer_al.INFO Received from American League queue: Player: Austin Shenton, avg: 0.189, hr: 1, rbi: 3
2024-06-10 19:31:05,684.mlb_stat_consumer_al.INFO Received from American League queue: Player: Romy Gonzalez, avg: 0.257, hr: 0, rbi: 6
2024-06-10 19:31:05,699.mlb_stat_consumer_al.INFO Received from American League queue: Player: Jackson Holliday, avg: 0.059, hr: 0, rbi: 1
2024-06-10 19:31:05,725.mlb_stat_consumer_al.INFO Received from American League queue: Player: Jonatan Clase, avg: 0.176, hr: 0, rbi: 3
2024-06-10 19:31:05,771.mlb_stat_consumer_al.INFO Received from American League queue: Player: Zach Remillard, avg: 0.242, hr: 0, rbi: 1
2024-06-10 19:31:05,785.mlb_stat_consumer_al.INFO Received from American League queue: Player: Robbie Grossman, avg: 0.152, hr: 0, rbi: 4
2024-06-10 19:31:05,842.mlb_stat_consumer_al.INFO Received from American League queue: Player: Trevor Story, avg: 0.226, hr: 0, rbi: 4
2024-06-10 19:31:05,872.mlb_stat_consumer_al.INFO Received from American League queue: Player: Kyle Stowers, avg: 0.3, hr: 0, rbi: 6
2024-06-10 19:31:05,889.mlb_stat_consumer_al.INFO Received from American League queue: Player: Davis Wendzel, avg: 0.069, hr: 1, rbi: 2
2024-06-10 19:31:05,905.mlb_stat_consumer_al.INFO Received from American League queue: Player: DJ LeMahieu, avg: 0.207, hr: 0, rbi: 0
2024-06-10 19:31:05,934.mlb_stat_consumer_al.INFO Received from American League queue: Player: Daz Cameron, avg: 0.214, hr: 1, rbi: 4
2024-06-10 19:31:06,078.mlb_stat_consumer_al.INFO Received from American League queue: Player: Ehire Adrianza, avg: 0.192, hr: 1, rbi: 2
2024-06-10 19:31:06,094.mlb_stat_consumer_al.INFO Received from American League queue: Player: Kevin Pillar, avg: 0.16, hr: 1, rbi: 4
2024-06-10 19:31:06,122.mlb_stat_consumer_al.INFO Received from American League queue: Player: Matt Wallner, avg: 0.08, hr: 1, rbi: 4
2024-06-10 19:31:06,194.mlb_stat_consumer_al.INFO Received from American League queue: Player: Johnathan Rodriguez, avg: 0.13, hr: 0, rbi: 3
2024-06-10 19:31:06,265.mlb_stat_consumer_al.INFO Received from American League queue: Player: Trey Cabbage, avg: 0.238, hr: 1, rbi: 4
2024-06-10 19:31:06,277.mlb_stat_consumer_al.INFO Received from American League queue: Player: Akil Baddoo, avg: 0.19, hr: 1, rbi: 2
2024-06-10 19:31:06,306.mlb_stat_consumer_al.INFO Received from American League queue: Player: Ryan Bliss, avg: 0.2, hr: 1, rbi: 2
2024-06-10 19:31:06,352.mlb_stat_consumer_al.INFO Received from American League queue: Player: Addison Barger, avg: 0.056, hr: 0, rbi: 0
2024-06-10 19:31:06,378.mlb_stat_consumer_al.INFO Received from American League queue: Player: Oscar Colas, avg: 0.235, hr: 0, rbi: 3
2024-06-10 19:31:06,392.mlb_stat_consumer_al.INFO Received from American League queue: Player: Josh Jung, avg: 0.412, hr: 2, rbi: 6
2024-06-10 19:31:06,417.mlb_stat_consumer_al.INFO Received from American League queue: Player: Niko Goodrum, avg: 0.188, hr: 0, rbi: 0
2024-06-10 19:31:06,432.mlb_stat_consumer_al.INFO Received from American League queue: Player: Sam Haggerty, avg: 0.067, hr: 0, rbi: 1
2024-06-10 19:31:06,444.mlb_stat_consumer_al.INFO Received from American League queue: Player: Royce Lewis, avg: 0.333, hr: 3, rbi: 3
2024-06-10 19:31:06,459.mlb_stat_consumer_al.INFO Received from American League queue: Player: Heston Kjerstad, avg: 0.143, hr: 0, rbi: 0
2024-06-10 19:31:06,488.mlb_stat_consumer_al.INFO Received from American League queue: Player: Connor Norby, avg: 0.214, hr: 1, rbi: 2
2024-06-10 19:31:06,500.mlb_stat_consumer_al.INFO Received from American League queue: Player: Justyn-Henry Malloy, avg: 0.143, hr: 1, rbi: 1
2024-06-10 19:31:06,515.mlb_stat_consumer_al.INFO Received from American League queue: Player: Rafael Ortega, avg: 0.071, hr: 0, rbi: 1
2024-06-10 19:31:06,526.mlb_stat_consumer_al.INFO Received from American League queue: Player: Niko Goodrum, avg: 0.0, hr: 0, rbi: 0
2024-06-10 19:31:06,612.mlb_stat_consumer_al.INFO Received from American League queue: Player: Aledmys Diaz, avg: 0.091, hr: 0, rbi: 1
2024-06-10 19:31:06,625.mlb_stat_consumer_al.INFO Received from American League queue: Player: Daniel Schneemann, avg: 0.455, hr: 0, rbi: 2
2024-06-10 19:31:06,638.mlb_stat_consumer_al.INFO Received from American League queue: Player: Zach DeLoach, avg: 0.091, hr: 0, rbi: 1
2024-06-10 19:31:06,653.mlb_stat_consumer_al.INFO Received from American League queue: Player: Grae Kessinger, avg: 0.0, hr: 0, rbi: 0
2024-06-10 19:31:06,667.mlb_stat_consumer_al.INFO Received from American League queue: Player: Buddy Kennedy, avg: 0.2, hr: 1, rbi: 4
2024-06-10 19:31:06,693.mlb_stat_consumer_al.INFO Received from American League queue: Player: Jamie Westbrook, avg: 0.2, hr: 1, rbi: 1
2024-06-10 19:31:06,707.mlb_stat_consumer_al.INFO Received from American League queue: Player: Tony Kemp, avg: 0.0, hr: 0, rbi: 0
2024-06-10 19:31:06,722.mlb_stat_consumer_al.INFO Received from American League queue: Player: Derek Hill, avg: 0.222, hr: 0, rbi: 0
2024-06-10 19:31:06,738.mlb_stat_consumer_al.INFO Received from American League queue: Player: Jahmai Jones, avg: 0.222, hr: 1, rbi: 1
2024-06-10 19:31:06,777.mlb_stat_consumer_al.INFO Received from American League queue: Player: Ryan Vilade, avg: 0.222, hr: 0, rbi: 3
2024-06-10 19:31:06,818.mlb_stat_consumer_al.INFO Received from American League queue: Player: Ryan McKenna, avg: 0.375, hr: 2, rbi: 2
2024-06-10 19:31:06,846.mlb_stat_consumer_al.INFO Received from American League queue: Player: Brian Serven, avg: 0.0, hr: 0, rbi: 0
2024-06-10 19:31:06,860.mlb_stat_consumer_al.INFO Received from American League queue: Player: Zack Short, avg: 0.0, hr: 0, rbi: 0
2024-06-10 19:31:06,888.mlb_stat_consumer_al.INFO Received from American League queue: Player: Taylor Walls, avg: 0.286, hr: 0, rbi: 0
2024-06-10 19:31:06,960.mlb_stat_consumer_al.INFO Received from American League queue: Player: Leonardo Rivas, avg: 0.333, hr: 0, rbi: 0
2024-06-10 19:31:06,991.mlb_stat_consumer_al.INFO Received from American League queue: Player: Victor Robles, avg: 0.2, hr: 0, rbi: 1
2024-06-10 19:31:07,050.mlb_stat_consumer_al.INFO Received from American League queue: Player: Samad Taylor, avg: 0.4, hr: 0, rbi: 0
2024-06-10 19:31:07,065.mlb_stat_consumer_al.INFO Received from American League queue: Player: Jair Camargo, avg: 0.0, hr: 0, rbi: 0
2024-06-10 19:31:07,093.mlb_stat_consumer_al.INFO Received from American League queue: Player: Duke Ellis, avg: 0.0, hr: 0, rbi: 0
2024-06-10 19:31:07,166.mlb_stat_consumer_al.INFO Received from American League queue: Player: Spencer Horwitz, avg: 0.0, hr: 0, rbi: 0
2024-06-10 19:31:07,180.mlb_stat_consumer_al.INFO Received from American League queue: Player: Justin Foscue, avg: 0.5, hr: 0, rbi: 1
2024-06-10 19:31:07,193.mlb_stat_consumer_al.INFO Received from American League queue: Player: Michael Stefanic, avg: 1.0, hr: 0, rbi: 0
2024-06-10 19:31:07,207.mlb_stat_consumer_al.INFO Received from American League queue: Player: Jonathan Ornelas, avg: 0.0, hr: 0, rbi: 0
2024-06-10 19:31:07,234.mlb_stat_consumer_al.INFO Received from American League queue: Player: Jacob Amaya, avg: 0.0, hr: 0, rbi: 0
2024-06-10 19:31:07,264.mlb_stat_consumer_al.INFO Received from American League queue: Player: David Banuelos, avg: 0.0, hr: 0, rbi: 0
2024-06-10 19:31:07,277.mlb_stat_consumer_al.INFO Received from American League queue: Player: Taylor Trammell, avg: 1.0, hr: 0, rbi: 0
2024-06-10 19:31:07,307.mlb_stat_consumer_al.INFO Received from American League queue: Player: Tyler Heineman, avg: 0.0, hr: 0, rbi: 0
2024-06-10 21:23:16,117.mlb_stat_consumer_al.INFO User interrupted continuous listening process.
2024-06-10 21:23:16,119.mlb_stat_consumer_al.INFO Closing connection. Goodbye.
